('N4', 21, '夜班公交')
('366', 20, '')
('309', 20, '')
('104', 19, '')
('79', 18, '')
('M268', 18, '主干线公交')
('651', 18, '')
('204', 18, '')
('223', 17, '')
('383', 17, '')
('303', 17, '')
('113', 17, '')
('103', 17, '')
('338', 16, '')
('Shen-Hui 3A（深惠3A）', 16, '')
('N6', 16, '夜班公交')
('222', 16, '')
('M372', 15, '主干线公交')
('80', 15, '')
('101', 15, '')
('323', 15, '')
('351', 15, '')
('812', 15, '')
('372', 15, '')
('123', 14, '')
('26', 14, '')
('202', 14, '')
('369', 14, '')
('311', 13, '')
('357', 13, '')
('365', 13, '')
('325', 13, '')
('64', 13, '')
('M203', 13, '主干线公交')
('M378', 13, '主干线公交')
('382', 12, '')
('121', 12, '')
('839', 12, '')
('324', 12, '')
('374', 12, '')
('M433', 12, '主干线公交')
('M369', 12, '主干线公交')
('373', 12, '')
('M448', 12, '主干线公交')
('M370', 12, '主干线公交')
('N14', 12, '夜班公交')
('326', 11, '')
('M359', 11, '主干线公交')
('M414', 11, '主干线公交')
('215', 11, '')
('336', 11, '')
('201', 11, '')
('235', 11, '')
('59', 11, '')
('377', 11, '')
('245', 11, '')
('21', 11, '')
('322', 11, '')
('M266', 11, '主干线公交')
('14', 11, '')
('K105', 11, '')
('67', 10, '')
('203', 10, '')
('M358', 10, '主干线公交')
('54', 10, '')
('38', 10, '')
('234', 10, '')
('M447', 10, '主干线公交')
('M500', 10, '主干线公交')
('371', 10, '')
('K113', 10, '')
('N8', 10, '夜班公交')
('M435', 10, '主干线公交')
('333', 10, '')
('379', 10, '')
('320', 10, '')
